<?xml version="1.0" encoding="UTF-8"?>
<!-- Generated by org.testng.reporters.JUnitReportReporter -->
<testsuite skipped="0" hostname="HIBAIL55565" name="com.mmt.qa.testcases.FlightDetailsListPageTest" tests="4" failures="0" timestamp="04 Oct 2019 10:48:51 GMT" time="122.077" errors="0">
  <testcase name="validateTheDepartureAndReturnFlightCountWithoutSelectingStopsTest" time="24.340" classname="com.mmt.qa.testcases.FlightDetailsListPageTest"/>
  <testcase name="validateTheDepartureAndReturnFlightCountBySelectingNonStopChkBoxTest" time="32.459" classname="com.mmt.qa.testcases.FlightDetailsListPageTest"/>
  <testcase name="validateTheDepartureAndReturnFlightCountBySelectingOneStopChkBoxTest" time="28.015" classname="com.mmt.qa.testcases.FlightDetailsListPageTest"/>
  <testcase name="validateToSelectDepartureAndReturnFlightAlongWithPriceAndGrandTotalTest" time="37.263" classname="com.mmt.qa.testcases.FlightDetailsListPageTest"/>
</testsuite> <!-- com.mmt.qa.testcases.FlightDetailsListPageTest -->
