<?xml version="1.0" encoding="UTF-8"?>
<!-- Generated by org.testng.reporters.JUnitReportReporter -->
<testsuite skipped="0" hostname="HIBAIL55565" name="com.mmt.qa.testcases.HomePageTest" tests="1" failures="0" timestamp="04 Oct 2019 10:48:51 GMT" time="26.010" errors="0">
  <testcase name="SearchForFlights" time="26.010" classname="com.mmt.qa.testcases.HomePageTest"/>
</testsuite> <!-- com.mmt.qa.testcases.HomePageTest -->
